{"c23881380119819e712cadcb2dbbb37f":{"statistic":{"failed":1,"broken":0,"skipped":0,"passed":0,"unknown":0,"total":1},"items":[{"uid":"7b8d5fec46ff92a4","status":"failed","statusDetails":"Couldn't find the desired file. [src/test/resources/testDataFiles/testData.xlsx]. Root cause: \"java.io.FileNotFoundException: src\\test\\resources\\testDataFiles\\testData.xlsx (The system cannot find the file specified)\"","time":{"start":1747226893561,"stop":1747226893563,"duration":2}}]},"d2bd9f411df222c4f6eaa48415fc137c":{"statistic":{"failed":0,"broken":5,"skipped":1,"passed":8,"unknown":0,"total":14},"items":[{"uid":"7b3af22c7dc7bfb1","status":"passed","time":{"start":1747293035400,"stop":1747293043162,"duration":7762}},{"uid":"142378c59aca2874","status":"broken","statusDetails":"element click intercepted: Element <i class=\"fa fa-shopping-cart\"></i> is not clickable at point (797, 581). Other element would receive the click: <div id=\"cartModal\" class=\"modal show\">...</div>\n  (Session info: chrome=136.0.7103.93)\nBuild info: version: '4.31.0', revision: '1ef9f18787*'\nSystem info: os.name: 'Windows 10', os.arch: 'amd64', os.version: '10.0', java.version: '21.0.6'\nDriver info: org.openqa.selenium.chrome.ChromeDriver\nCommand: [c5edf791015730c314266f983411c3f8, clickElement {id=f.306488D167202B94F50A148FBE3D5C8B.d.85CDDB28C57FFD2C11B28F2EB4822657.e.2131}]\nCapabilities {acceptInsecureCerts: true, browserName: chrome, browserVersion: 136.0.7103.93, chrome: {chromedriverVersion: 136.0.7103.94 (fa0be0b33deb..., userDataDir: C:\\Users\\LAPCOM~1\\AppData\\L...}, fedcm:accounts: true, goog:chromeOptions: {debuggerAddress: localhost:57506}, networkConnectionEnabled: false, pageLoadStrategy: none, platformName: windows, proxy: Proxy(), se:cdp: ws://localhost:57506/devtoo..., se:cdpVersion: 136.0.7103.93, setWindowRect: true, strictFileInteractability: false, timeouts: {implicit: 0, pageLoad: 30000, script: 30000}, unhandledPromptBehavior: ignore, webSocketUrl: ws://localhost:31707/sessio..., webauthn:extension:credBlob: true, webauthn:extension:largeBlob: true, webauthn:extension:minPinLength: true, webauthn:extension:prf: true, webauthn:virtualAuthenticators: true}\nElement: [[ChromeDriver: chrome on windows (c5edf791015730c314266f983411c3f8)] -> xpath: (//div[contains(@class,'productinfo')]/a/i[contains(@class,'fa-shopping-cart')])[5]]\nSession ID: c5edf791015730c314266f983411c3f8","time":{"start":1747288788881,"stop":1747288795181,"duration":6300}},{"uid":"ae00f47b03e750d1","status":"passed","time":{"start":1747288706773,"stop":1747288712601,"duration":5828}},{"uid":"d23f6f4b5f3f8ba9","status":"broken","statusDetails":"no such element: Unable to locate element: {\"method\":\"xpath\",\"selector\":\"//div[@class='productinfo text-center']/h2[2]\"}\n  (Session info: chrome=136.0.7103.93)\nFor documentation on this error, please visit: https://www.selenium.dev/documentation/webdriver/troubleshooting/errors#no-such-element-exception\nBuild info: version: '4.31.0', revision: '1ef9f18787*'\nSystem info: os.name: 'Windows 10', os.arch: 'amd64', os.version: '10.0', java.version: '21.0.6'\nDriver info: org.openqa.selenium.chrome.ChromeDriver\nCommand: [0e17bc61d7c2844b66ea4010e702ad0c, findElement {value=//div[@class='productinfo text-center']/h2[2], using=xpath}]\nCapabilities {acceptInsecureCerts: true, browserName: chrome, browserVersion: 136.0.7103.93, chrome: {chromedriverVersion: 136.0.7103.94 (fa0be0b33deb..., userDataDir: C:\\Users\\LAPCOM~1\\AppData\\L...}, fedcm:accounts: true, goog:chromeOptions: {debuggerAddress: localhost:57132}, networkConnectionEnabled: false, pageLoadStrategy: none, platformName: windows, proxy: Proxy(), se:cdp: ws://localhost:57132/devtoo..., se:cdpVersion: 136.0.7103.93, setWindowRect: true, strictFileInteractability: false, timeouts: {implicit: 0, pageLoad: 30000, script: 30000}, unhandledPromptBehavior: ignore, webSocketUrl: ws://localhost:34859/sessio..., webauthn:extension:credBlob: true, webauthn:extension:largeBlob: true, webauthn:extension:minPinLength: true, webauthn:extension:prf: true, webauthn:virtualAuthenticators: true}\nSession ID: 0e17bc61d7c2844b66ea4010e702ad0c","time":{"start":1747288535447,"stop":1747288550443,"duration":14996}},{"uid":"37ea2f16e795c067","status":"broken","statusDetails":"no such element: Unable to locate element: {\"method\":\"xpath\",\"selector\":\"//div[@class='productinfo text-center']/h2[2]\"}\n  (Session info: chrome=136.0.7103.93)\nFor documentation on this error, please visit: https://www.selenium.dev/documentation/webdriver/troubleshooting/errors#no-such-element-exception\nBuild info: version: '4.31.0', revision: '1ef9f18787*'\nSystem info: os.name: 'Windows 10', os.arch: 'amd64', os.version: '10.0', java.version: '21.0.6'\nDriver info: org.openqa.selenium.chrome.ChromeDriver\nCommand: [19b442945fc4b9230119494287bab4b4, findElement {value=//div[@class='productinfo text-center']/h2[2], using=xpath}]\nCapabilities {acceptInsecureCerts: true, browserName: chrome, browserVersion: 136.0.7103.93, chrome: {chromedriverVersion: 136.0.7103.94 (fa0be0b33deb..., userDataDir: C:\\Users\\LAPCOM~1\\AppData\\L...}, fedcm:accounts: true, goog:chromeOptions: {debuggerAddress: localhost:57063}, networkConnectionEnabled: false, pageLoadStrategy: none, platformName: windows, proxy: Proxy(), se:cdp: ws://localhost:57063/devtoo..., se:cdpVersion: 136.0.7103.93, setWindowRect: true, strictFileInteractability: false, timeouts: {implicit: 0, pageLoad: 30000, script: 30000}, unhandledPromptBehavior: ignore, webSocketUrl: ws://localhost:28951/sessio..., webauthn:extension:credBlob: true, webauthn:extension:largeBlob: true, webauthn:extension:minPinLength: true, webauthn:extension:prf: true, webauthn:virtualAuthenticators: true}\nSession ID: 19b442945fc4b9230119494287bab4b4","time":{"start":1747288488500,"stop":1747288503932,"duration":15432}},{"uid":"82d2fd79dda307df","status":"broken","statusDetails":"no such element: Unable to locate element: {\"method\":\"xpath\",\"selector\":\"//div[@class='productinfo text-center']/h2[0]\"}\n  (Session info: chrome=136.0.7103.93)\nFor documentation on this error, please visit: https://www.selenium.dev/documentation/webdriver/troubleshooting/errors#no-such-element-exception\nBuild info: version: '4.31.0', revision: '1ef9f18787*'\nSystem info: os.name: 'Windows 10', os.arch: 'amd64', os.version: '10.0', java.version: '21.0.6'\nDriver info: org.openqa.selenium.chrome.ChromeDriver\nCommand: [466185d5025d10c2b77dd7dc92892192, findElement {value=//div[@class='productinfo text-center']/h2[0], using=xpath}]\nCapabilities {acceptInsecureCerts: true, browserName: chrome, browserVersion: 136.0.7103.93, chrome: {chromedriverVersion: 136.0.7103.94 (fa0be0b33deb..., userDataDir: C:\\Users\\LAPCOM~1\\AppData\\L...}, fedcm:accounts: true, goog:chromeOptions: {debuggerAddress: localhost:56900}, networkConnectionEnabled: false, pageLoadStrategy: none, platformName: windows, proxy: Proxy(), se:cdp: ws://localhost:56900/devtoo..., se:cdpVersion: 136.0.7103.93, setWindowRect: true, strictFileInteractability: false, timeouts: {implicit: 0, pageLoad: 30000, script: 30000}, unhandledPromptBehavior: ignore, webSocketUrl: ws://localhost:5581/session..., webauthn:extension:credBlob: true, webauthn:extension:largeBlob: true, webauthn:extension:minPinLength: true, webauthn:extension:prf: true, webauthn:virtualAuthenticators: true}\nSession ID: 466185d5025d10c2b77dd7dc92892192","time":{"start":1747288360712,"stop":1747288374748,"duration":14036}},{"uid":"b8592026691cfada","status":"broken","statusDetails":"Root cause: \"com.shaft.gui.internal.exceptions.MultipleElementsFoundException: Build info: version: '4.31.0', revision: '1ef9f18787*'\"","time":{"start":1747235867549,"stop":1747235883748,"duration":16199}},{"uid":"58915f899cc12a17","status":"passed","time":{"start":1747235371899,"stop":1747235375444,"duration":3545}},{"uid":"ad793a2b5d743ded","status":"passed","time":{"start":1747231894072,"stop":1747231897969,"duration":3897}},{"uid":"f823408ae38cc197","status":"passed","time":{"start":1747231820886,"stop":1747231822628,"duration":1742}},{"uid":"aa9bec68bdcb6472","status":"passed","time":{"start":1747226951943,"stop":1747226952574,"duration":631}},{"uid":"b57c36feddca2b6f","status":"skipped","statusDetails":"Couldn't find the desired file. [src/test/resources/testDataFiles/testData.xlsx]. Root cause: \"java.io.FileNotFoundException: src\\test\\resources\\testDataFiles\\testData.xlsx (The system cannot find the file specified)\"","time":{"start":1747226893769,"stop":1747226893777,"duration":8}},{"uid":"c5675852fbadb397","status":"passed","time":{"start":1747226244631,"stop":1747226245783,"duration":1152}},{"uid":"824f5d816fcd4db","status":"passed","time":{"start":1747225900023,"stop":1747225900844,"duration":821}}]}}